0 info it worked if it ends with ok
1 verbose cli [ '/usr/local/bin/node', '/usr/local/bin/npm', 'install', 'node' ]
2 info using npm@2.14.7
3 info using node@v4.2.3
4 verbose install initial load of /Users/markhardy/Documents/CS337/vanilla/package.json
5 verbose readDependencies loading dependencies from /Users/markhardy/Documents/CS337/vanilla/package.json
6 silly cache add args [ 'node', null ]
7 verbose cache add spec node
8 silly cache add parsed spec Result {
8 silly cache add   raw: 'node',
8 silly cache add   scope: null,
8 silly cache add   name: 'node',
8 silly cache add   rawSpec: '',
8 silly cache add   spec: '*',
8 silly cache add   type: 'range' }
9 silly addNamed node@*
10 verbose addNamed "*" is a valid semver range for node
11 silly addNameRange { name: 'node', range: '*', hasData: false }
12 silly mapToRegistry name node
13 silly mapToRegistry using default registry
14 silly mapToRegistry registry https://registry.npmjs.org/
15 silly mapToRegistry uri https://registry.npmjs.org/node
16 verbose addNameRange registry:https://registry.npmjs.org/node not in flight; fetching
17 verbose request uri https://registry.npmjs.org/node
18 verbose request no auth needed
19 info attempt registry request try #1 at 3:02:46 PM
20 verbose request id 5a14fc0f8c264cd8
21 verbose etag W/"626481dafa45472aeac27ec67180b5b1"
22 verbose lastModified Fri, 05 Apr 2019 18:07:12 GMT
23 http request GET https://registry.npmjs.org/node
24 http 304 https://registry.npmjs.org/node
25 verbose headers { date: 'Sat, 20 Apr 2019 22:02:46 GMT',
25 verbose headers   connection: 'keep-alive',
25 verbose headers   'set-cookie': [ '__cfduid=db7f1054013e771dea8cc1c55f1912c9d1555797766; expires=Sun, 19-Apr-20 22:02:46 GMT; path=/; domain=.registry.npmjs.org; HttpOnly' ],
25 verbose headers   'cf-cache-status': 'HIT',
25 verbose headers   'cache-control': 'max-age=300',
25 verbose headers   'cf-ray': '4caa6787cf5039be-PHX',
25 verbose headers   etag: '"626481dafa45472aeac27ec67180b5b1"',
25 verbose headers   'expect-ct': 'max-age=604800, report-uri="https://report-uri.cloudflare.com/cdn-cgi/beacon/expect-ct"',
25 verbose headers   'last-modified': 'Fri, 05 Apr 2019 18:07:12 GMT',
25 verbose headers   vary: 'accept-encoding, accept',
25 verbose headers   'x-amz-meta-rev': '470-5ec8ed09dcca5d6846d8587ee2df5121',
25 verbose headers   server: 'cloudflare' }
26 silly get cb [ 304,
26 silly get   { date: 'Sat, 20 Apr 2019 22:02:46 GMT',
26 silly get     connection: 'keep-alive',
26 silly get     'set-cookie': [ '__cfduid=db7f1054013e771dea8cc1c55f1912c9d1555797766; expires=Sun, 19-Apr-20 22:02:46 GMT; path=/; domain=.registry.npmjs.org; HttpOnly' ],
26 silly get     'cf-cache-status': 'HIT',
26 silly get     'cache-control': 'max-age=300',
26 silly get     'cf-ray': '4caa6787cf5039be-PHX',
26 silly get     etag: '"626481dafa45472aeac27ec67180b5b1"',
26 silly get     'expect-ct': 'max-age=604800, report-uri="https://report-uri.cloudflare.com/cdn-cgi/beacon/expect-ct"',
26 silly get     'last-modified': 'Fri, 05 Apr 2019 18:07:12 GMT',
26 silly get     vary: 'accept-encoding, accept',
26 silly get     'x-amz-meta-rev': '470-5ec8ed09dcca5d6846d8587ee2df5121',
26 silly get     server: 'cloudflare' } ]
27 verbose etag https://registry.npmjs.org/node from cache
28 verbose get saving node to /Users/markhardy/.npm/registry.npmjs.org/node/.cache.json
29 silly addNameRange number 2 { name: 'node', range: '*', hasData: true }
30 silly addNameRange versions [ 'node',
30 silly addNameRange   [ '0.0.0',
30 silly addNameRange     '0.1.14',
30 silly addNameRange     '0.1.15',
30 silly addNameRange     '0.1.16',
30 silly addNameRange     '0.1.17',
30 silly addNameRange     '0.1.18',
30 silly addNameRange     '0.1.19',
30 silly addNameRange     '0.1.20',
30 silly addNameRange     '0.1.21',
30 silly addNameRange     '0.1.22',
30 silly addNameRange     '0.1.23',
30 silly addNameRange     '0.1.24',
30 silly addNameRange     '0.1.25',
30 silly addNameRange     '0.1.26',
30 silly addNameRange     '0.1.27',
30 silly addNameRange     '0.1.28',
30 silly addNameRange     '0.1.29',
30 silly addNameRange     '0.1.30',
30 silly addNameRange     '0.1.31',
30 silly addNameRange     '0.1.32',
30 silly addNameRange     '0.1.33',
30 silly addNameRange     '0.1.90',
30 silly addNameRange     '0.1.91',
30 silly addNameRange     '0.1.92',
30 silly addNameRange     '0.1.93',
30 silly addNameRange     '0.1.94',
30 silly addNameRange     '0.1.95',
30 silly addNameRange     '0.1.96',
30 silly addNameRange     '0.1.97',
30 silly addNameRange     '0.1.98',
30 silly addNameRange     '0.1.99',
30 silly addNameRange     '0.1.100',
30 silly addNameRange     '0.1.101',
30 silly addNameRange     '0.1.102',
30 silly addNameRange     '0.1.103',
30 silly addNameRange     '0.1.104',
30 silly addNameRange     '0.2.0',
30 silly addNameRange     '0.2.1',
30 silly addNameRange     '0.2.2',
30 silly addNameRange     '0.2.3',
30 silly addNameRange     '0.2.4',
30 silly addNameRange     '0.2.5',
30 silly addNameRange     '0.2.6',
30 silly addNameRange     '0.3.0',
30 silly addNameRange     '0.3.1',
30 silly addNameRange     '0.3.2',
30 silly addNameRange     '0.3.3',
30 silly addNameRange     '0.3.4',
30 silly addNameRange     '0.3.5',
30 silly addNameRange     '0.3.6',
30 silly addNameRange     '0.3.7',
30 silly addNameRange     '0.3.8',
30 silly addNameRange     '0.4.0',
30 silly addNameRange     '0.4.1',
30 silly addNameRange     '0.4.2',
30 silly addNameRange     '0.4.3',
30 silly addNameRange     '0.4.4',
30 silly addNameRange     '0.4.5',
30 silly addNameRange     '0.4.6',
30 silly addNameRange     '0.4.7',
30 silly addNameRange     '0.4.8',
30 silly addNameRange     '0.4.9',
30 silly addNameRange     '0.4.10',
30 silly addNameRange     '0.4.11',
30 silly addNameRange     '0.4.12',
30 silly addNameRange     '0.5.0',
30 silly addNameRange     '0.5.1',
30 silly addNameRange     '0.5.2',
30 silly addNameRange     '0.5.3',
30 silly addNameRange     '0.5.4',
30 silly addNameRange     '0.5.5',
30 silly addNameRange     '0.5.6',
30 silly addNameRange     '0.5.7',
30 silly addNameRange     '0.5.8',
30 silly addNameRange     '0.5.9',
30 silly addNameRange     '0.5.10',
30 silly addNameRange     '0.6.0',
30 silly addNameRange     '0.6.1',
30 silly addNameRange     '0.6.2',
30 silly addNameRange     '0.6.3',
30 silly addNameRange     '0.6.4',
30 silly addNameRange     '0.6.5',
30 silly addNameRange     '0.6.6',
30 silly addNameRange     '0.6.7',
30 silly addNameRange     '0.6.8',
30 silly addNameRange     '0.6.9',
30 silly addNameRange     '0.6.10',
30 silly addNameRange     '0.6.11',
30 silly addNameRange     '0.6.12',
30 silly addNameRange     '0.6.13',
30 silly addNameRange     '0.6.14',
30 silly addNameRange     '0.6.15',
30 silly addNameRange     '0.6.16',
30 silly addNameRange     '0.6.17',
30 silly addNameRange     '0.6.18',
30 silly addNameRange     '0.6.19',
30 silly addNameRange     '0.6.20',
30 silly addNameRange     '0.6.21',
30 silly addNameRange     '0.7.0',
30 silly addNameRange     '0.7.1',
30 silly addNameRange     '0.7.2',
30 silly addNameRange     '0.7.3',
30 silly addNameRange     '0.7.4',
30 silly addNameRange     '0.7.5',
30 silly addNameRange     '0.7.6',
30 silly addNameRange     '0.7.7',
30 silly addNameRange     '0.7.8',
30 silly addNameRange     '0.7.9',
30 silly addNameRange     '0.7.10',
30 silly addNameRange     '0.7.11',
30 silly addNameRange     '0.7.12',
30 silly addNameRange     '0.8.0',
30 silly addNameRange     '0.8.1',
30 silly addNameRange     '0.8.2',
30 silly addNameRange     '0.8.3',
30 silly addNameRange     '0.8.4',
30 silly addNameRange     '0.8.5',
30 silly addNameRange     '0.8.6',
30 silly addNameRange     '0.8.7',
30 silly addNameRange     '0.8.8',
30 silly addNameRange     '0.8.9',
30 silly addNameRange     '0.8.10',
30 silly addNameRange     '0.8.11',
30 silly addNameRange     '0.8.12',
30 silly addNameRange     '0.8.13',
30 silly addNameRange     '0.8.14',
30 silly addNameRange     '0.8.15',
30 silly addNameRange     '0.8.16',
30 silly addNameRange     '0.8.17',
30 silly addNameRange     '0.8.18',
30 silly addNameRange     '0.8.19',
30 silly addNameRange     '0.8.20',
30 silly addNameRange     '0.8.21',
30 silly addNameRange     '0.8.22',
30 silly addNameRange     '0.8.23',
30 silly addNameRange     '0.8.24',
30 silly addNameRange     '0.8.25',
30 silly addNameRange     '0.8.26',
30 silly addNameRange     '0.8.27',
30 silly addNameRange     '0.8.28',
30 silly addNameRange     '0.9.0',
30 silly addNameRange     '0.9.1',
30 silly addNameRange     '0.9.2',
30 silly addNameRange     '0.9.3',
30 silly addNameRange     '0.9.4',
30 silly addNameRange     '0.9.5',
30 silly addNameRange     '0.9.6',
30 silly addNameRange     '0.9.7',
30 silly addNameRange     '0.9.8',
30 silly addNameRange     '0.9.9',
30 silly addNameRange     '0.9.10',
30 silly addNameRange     '0.9.11',
30 silly addNameRange     '0.9.12',
30 silly addNameRange     '0.10.0',
30 silly addNameRange     '0.10.1',
30 silly addNameRange     '0.10.2',
30 silly addNameRange     '0.10.3',
30 silly addNameRange     '0.10.4',
30 silly addNameRange     '0.10.5',
30 silly addNameRange     '0.10.6',
30 silly addNameRange     '0.10.7',
30 silly addNameRange     '0.10.8',
30 silly addNameRange     '0.10.9',
30 silly addNameRange     '0.10.10',
30 silly addNameRange     '0.10.11',
30 silly addNameRange     '0.10.12',
30 silly addNameRange     '0.10.13',
30 silly addNameRange     '0.10.14',
30 silly addNameRange     '0.10.15',
30 silly addNameRange     '0.10.16',
30 silly addNameRange     '0.10.17',
30 silly addNameRange     '0.10.18',
30 silly addNameRange     '0.10.19',
30 silly addNameRange     '0.10.20',
30 silly addNameRange     '0.10.21',
30 silly addNameRange     '0.10.22',
30 silly addNameRange     '0.10.23',
30 silly addNameRange     '0.10.24',
30 silly addNameRange     '0.10.25',
30 silly addNameRange     '0.10.26',
30 silly addNameRange     '0.10.27',
30 silly addNameRange     '0.10.28',
30 silly addNameRange     '0.10.29',
30 silly addNameRange     '0.10.30',
30 silly addNameRange     '0.10.31',
30 silly addNameRange     '0.10.32',
30 silly addNameRange     '0.10.33',
30 silly addNameRange     '0.10.34',
30 silly addNameRange     '0.10.35',
30 silly addNameRange     '0.10.36',
30 silly addNameRange     '0.10.37',
30 silly addNameRange     '0.10.38',
30 silly addNameRange     '0.10.39',
30 silly addNameRange     '0.10.40',
30 silly addNameRange     '0.10.41',
30 silly addNameRange     '0.10.42',
30 silly addNameRange     '0.10.43',
30 silly addNameRange     '0.10.44',
30 silly addNameRange     '0.10.45',
30 silly addNameRange     '0.10.46',
30 silly addNameRange     '0.10.47',
30 silly addNameRange     '0.10.48',
30 silly addNameRange     '0.11.0',
30 silly addNameRange     '0.11.1',
30 silly addNameRange     '0.11.2',
30 silly addNameRange     '0.11.3',
30 silly addNameRange     '0.11.4',
30 silly addNameRange     '0.11.5',
30 silly addNameRange     '0.11.6',
30 silly addNameRange     '0.11.7',
30 silly addNameRange     '0.11.8',
30 silly addNameRange     '0.11.9',
30 silly addNameRange     '0.11.10',
30 silly addNameRange     '0.11.11',
30 silly addNameRange     '0.11.12',
30 silly addNameRange     '0.11.13',
30 silly addNameRange     '0.11.14',
30 silly addNameRange     '0.11.15',
30 silly addNameRange     '0.11.16',
30 silly addNameRange     '0.12.0',
30 silly addNameRange     '0.12.1',
30 silly addNameRange     '0.12.2',
30 silly addNameRange     '0.12.3',
30 silly addNameRange     '0.12.4',
30 silly addNameRange     '0.12.5',
30 silly addNameRange     '0.12.6',
30 silly addNameRange     '0.12.7',
30 silly addNameRange     '0.12.8',
30 silly addNameRange     '0.12.9',
30 silly addNameRange     '0.12.10',
30 silly addNameRange     '0.12.11',
30 silly addNameRange     '0.12.12',
30 silly addNameRange     '0.12.13',
30 silly addNameRange     '0.12.14',
30 silly addNameRange     '0.12.15',
30 silly addNameRange     '0.12.16',
30 silly addNameRange     '0.12.17',
30 silly addNameRange     '0.12.18',
30 silly addNameRange     '4.0.0',
30 silly addNameRange     '4.1.0',
30 silly addNameRange     '4.1.1',
30 silly addNameRange     '4.1.2',
30 silly addNameRange     '4.2.0',
30 silly addNameRange     '4.2.1',
30 silly addNameRange     '4.2.2',
30 silly addNameRange     '4.2.3',
30 silly addNameRange     '4.2.4',
30 silly addNameRange     '4.2.5',
30 silly addNameRange     '4.2.6',
30 silly addNameRange     '4.3.0',
30 silly addNameRange     '4.3.1',
30 silly addNameRange     '4.3.2',
30 silly addNameRange     '4.4.0',
30 silly addNameRange     '4.4.1',
30 silly addNameRange     '4.4.2',
30 silly addNameRange     '4.4.3',
30 silly addNameRange     '4.4.4',
30 silly addNameRange     '4.4.5',
30 silly addNameRange     '4.4.6',
30 silly addNameRange     '4.4.7',
30 silly addNameRange     '4.5.0',
30 silly addNameRange     '4.6.0',
30 silly addNameRange     '4.6.1',
30 silly addNameRange     '4.6.2',
30 silly addNameRange     '4.7.0',
30 silly addNameRange     '4.7.1',
30 silly addNameRange     '4.7.2',
30 silly addNameRange     '4.7.3',
30 silly addNameRange     '4.8.0',
30 silly addNameRange     '4.8.1',
30 silly addNameRange     '4.8.2',
30 silly addNameRange     '4.8.3',
30 silly addNameRange     '4.8.4',
30 silly addNameRange     '5.0.0',
30 silly addNameRange     '5.1.0',
30 silly addNameRange     '5.1.1',
30 silly addNameRange     '5.2.0',
30 silly addNameRange     '5.3.0',
30 silly addNameRange     '5.4.0',
30 silly addNameRange     '5.4.1',
30 silly addNameRange     '5.5.0',
30 silly addNameRange     '5.6.0',
30 silly addNameRange     '5.7.0',
30 silly addNameRange     '5.7.1',
30 silly addNameRange     '5.8.0',
30 silly addNameRange     '5.9.0',
30 silly addNameRange     '5.9.1',
30 silly addNameRange     '5.10.0',
30 silly addNameRange     '5.10.1',
30 silly addNameRange     '5.11.0',
30 silly addNameRange     '5.11.1',
30 silly addNameRange     '5.12.0',
30 silly addNameRange     '6.0.0',
30 silly addNameRange     '6.1.0',
30 silly addNameRange     '6.2.0',
30 silly addNameRange     '6.2.1',
30 silly addNameRange     '6.2.2',
30 silly addNameRange     '6.3.0',
30 silly addNameRange     '6.3.1',
30 silly addNameRange     '6.4.0',
30 silly addNameRange     '6.5.0',
30 silly addNameRange     '6.6.0',
30 silly addNameRange     '6.7.0',
30 silly addNameRange     '6.8.0',
30 silly addNameRange     '6.8.1',
30 silly addNameRange     '6.9.0',
30 silly addNameRange     '6.9.1',
30 silly addNameRange     '6.9.2',
30 silly addNameRange     '6.9.3',
30 silly addNameRange     '6.9.4',
30 silly addNameRange     '6.9.5',
30 silly addNameRange     '6.10.0',
30 silly addNameRange     '6.10.1',
30 silly addNameRange     '6.10.2',
30 silly addNameRange     '6.10.3',
30 silly addNameRange     '6.11.0',
30 silly addNameRange     '6.11.1',
30 silly addNameRange     '7.0.0',
30 silly addNameRange     '7.1.0',
30 silly addNameRange     '7.2.0',
30 silly addNameRange     '7.2.1',
30 silly addNameRange     '7.3.0',
30 silly addNameRange     '7.4.0',
30 silly addNameRange     '7.5.0',
30 silly addNameRange     '7.6.0',
30 silly addNameRange     '7.7.0',
30 silly addNameRange     '7.7.1',
30 silly addNameRange     '7.7.2',
30 silly addNameRange     '7.7.3',
30 silly addNameRange     '7.7.4',
30 silly addNameRange     '7.8.0',
30 silly addNameRange     '7.9.0',
30 silly addNameRange     '7.10.0',
30 silly addNameRange     '7.10.1',
30 silly addNameRange     '8.0.0',
30 silly addNameRange     '8.1.0',
30 silly addNameRange     '8.1.1',
30 silly addNameRange     '8.1.2',
30 silly addNameRange     '8.1.3',
30 silly addNameRange     '8.1.4',
30 silly addNameRange     '8.2.0',
30 silly addNameRange     '8.2.1',
30 silly addNameRange     '8.3.0',
30 silly addNameRange     '8.4.0',
30 silly addNameRange     '8.5.0',
30 silly addNameRange     '8.6.0',
30 silly addNameRange     '8.7.0',
30 silly addNameRange     '8.8.0',
30 silly addNameRange     '8.8.1',
30 silly addNameRange     '8.9.0',
30 silly addNameRange     '9.0.0',
30 silly addNameRange     '4.8.6',
30 silly addNameRange     '6.12.0',
30 silly addNameRange     '9.1.0',
30 silly addNameRange     '9.2.0',
30 silly addNameRange     '8.9.1',
30 silly addNameRange     '6.12.1',
30 silly addNameRange     '8.9.2',
30 silly addNameRange     '4.8.7',
30 silly addNameRange     '6.12.2',
30 silly addNameRange     '9.3.0',
30 silly addNameRange     '8.9.4',
30 silly addNameRange     '6.12.3',
30 silly addNameRange     '9.4.0',
30 silly addNameRange     '9.5.0',
30 silly addNameRange     '6.13.0',
30 silly addNameRange     '9.7.0',
30 silly addNameRange     '9.6.0',
30 silly addNameRange     '9.6.1',
30 silly addNameRange     '8.10.0',
30 silly addNameRange     '9.8.0',
30 silly addNameRange     '9.9.0',
30 silly addNameRange     '8.11.0',
30 silly addNameRange     '6.14.0',
30 silly addNameRange     '4.9.0',
30 silly addNameRange     '9.10.0',
30 silly addNameRange     '8.11.1',
30 silly addNameRange     '4.9.1',
30 silly addNameRange     '6.14.1',
30 silly addNameRange     '9.10.1',
30 silly addNameRange     '9.11.0',
30 silly addNameRange     '10.0.0',
30 silly addNameRange     '6.14.2',
30 silly addNameRange     '6.11.5',
30 silly addNameRange     '8.11.2',
30 silly addNameRange     '10.1.0',
30 silly addNameRange     '10.2.0',
30 silly addNameRange     '10.3.0',
30 silly addNameRange     '10.4.0',
30 silly addNameRange     '8.11.3',
30 silly addNameRange     '6.14.3',
30 silly addNameRange     '9.11.2',
30 silly addNameRange     '10.4.1',
30 silly addNameRange     '10.5.0',
30 silly addNameRange     '10.6.0',
30 silly addNameRange     '10.7.0',
30 silly addNameRange     '10.8.0',
30 silly addNameRange     '8.11.4',
30 silly addNameRange     '10.9.0',
30 silly addNameRange     '6.14.4',
30 silly addNameRange     '10.10.0',
30 silly addNameRange     '8.12.0',
30 silly addNameRange     '10.11.0',
30 silly addNameRange     '10.12.0',
30 silly addNameRange     '11.0.0',
30 silly addNameRange     '10.13.0',
30 silly addNameRange     '11.1.0',
30 silly addNameRange     '8.13.0',
30 silly addNameRange     '11.2.0',
30 silly addNameRange     '6.15.1',
30 silly addNameRange     '8.14.0',
30 silly addNameRange     '10.14.0',
30 silly addNameRange     '11.3.0',
30 silly addNameRange     '11.4.0',
30 silly addNameRange     '10.14.1',
30 silly addNameRange     '11.5.0',
30 silly addNameRange     '8.14.1',
30 silly addNameRange     '10.14.2',
30 silly addNameRange     '11.6.0',
30 silly addNameRange     '10.15.0',
30 silly addNameRange     '8.15.0',
30 silly addNameRange     '6.16.0',
30 silly addNameRange     '11.7.0',
30 silly addNameRange     '11.8.0',
30 silly addNameRange     '10.15.1',
30 silly addNameRange     '11.9.0',
30 silly addNameRange     '11.10.0',
30 silly addNameRange     '6.17.0',
30 silly addNameRange     '8.15.1',
30 silly addNameRange     '10.15.2',
30 silly addNameRange     '10.15.3',
30 silly addNameRange     '11.11.0',
30 silly addNameRange     '11.12.0',
30 silly addNameRange     '11.13.0',
30 silly addNameRange     '6.17.1' ] ]
31 silly addNamed node@11.13.0
32 verbose addNamed "11.13.0" is a plain semver version for node
33 silly cache afterAdd node@11.13.0
34 verbose afterAdd /Users/markhardy/.npm/node/11.13.0/package/package.json not in flight; writing
35 verbose afterAdd /Users/markhardy/.npm/node/11.13.0/package/package.json written
36 silly install resolved [ { name: 'node',
36 silly install resolved     version: '11.13.0',
36 silly install resolved     description: 'node',
36 silly install resolved     main: 'index.js',
36 silly install resolved     keywords: [ 'runtime' ],
36 silly install resolved     repository:
36 silly install resolved      { type: 'git',
36 silly install resolved        url: 'git+https://github.com/aredridel/node-bin-gen.git' },
36 silly install resolved     scripts: { preinstall: 'node installArchSpecificPackage' },
36 silly install resolved     bin: { node: 'bin/node' },
36 silly install resolved     dependencies: { 'node-bin-setup': '^1.0.0' },
36 silly install resolved     license: 'ISC',
36 silly install resolved     author: '',
36 silly install resolved     engines: { npm: '>=5.0.0' },
36 silly install resolved     bugs: { url: 'https://github.com/aredridel/node-bin-gen/issues' },
36 silly install resolved     homepage: 'https://github.com/aredridel/node-bin-gen#readme',
36 silly install resolved     _id: 'node@11.13.0',
36 silly install resolved     _nodeVersion: '10.11.0',
36 silly install resolved     _npmVersion: '6.9.0',
36 silly install resolved     dist:
36 silly install resolved      { integrity: 'sha512-Ak7+1LVX2IYFetW8SO5tk/4hn/JzhirAkB3430KHEcGSVdruOs6KbvNBE+MXDa98aBSSS9WJ/6p10YoY3HiEBQ==',
36 silly install resolved        shasum: 'a5bfd5d55749b7e7795d9da2e04a9f319e29e2ab',
36 silly install resolved        tarball: 'https://registry.npmjs.org/node/-/node-11.13.0.tgz',
36 silly install resolved        fileCount: 3,
36 silly install resolved        unpackedSize: 1485,
36 silly install resolved        'npm-signature': '-----BEGIN PGP SIGNATURE-----\r\nVersion: OpenPGP.js v3.0.4\r\nComment: https://openpgpjs.org\r\n\r\nwsFcBAEBCAAQBQJcp5hMCRA9TVsSAnZWagAAj/IP/ietqmB17cjHD67qACIc\n2M/eJxy05j+N4+qsyCAxjfLvgHRbtLfOlYjjyhbK0v6oZvJDXwEsxVtT7aea\ngmrKsaT7sYdB1VUV5NaQlHI9SWslsQD5ZrvgfyrSMMdPbF/2tZe6ClWlRStx\nl7jbyAYdJEA4/+pA7srAZv8iclQ9o4Dd+5xAe9/REoKmpjKS+QWf69eSK4zv\n40QEECudsZiG60yq3icCVr2dFdq70FTTCqmGzWHme/m4SRuyigaPMd900fEv\n83DiagM6Dz99AUS2cHcqQfw1DLDghLLpkuHl5fpm2QK9iQ8SGdMxIK0p7UfR\noPLugTo6l1RUD9AElXswWeGNYg4C5NGJ4p3pNtPreypYmUXdunJ/9kASK6Qn\ntJh54FeCl3c6fNwoULTzyCUEgmQKI1B2FiYzmEXvVSLu9DBTPXXWjHyvq998\nCNCf1itvqYjueyBu+zjo7VmYDN2TohxVFGdFPgZXgiAsJmKkt2oF6Ph4gIEh\nerGjSAPBlnttGRMMKWxH7us2w772LwXD7n9gtI7MPgqArOtXZ3v/+12S6t9h\nY8vyDrGRpkq2knyFpLSIpz5vJiIx8JwHhaob1D7MIDX789z3nJ42wwqwBBsH\nbzZJ4Z4LNcmJte+f1VMNAxuTurg2krIH5tyUdEaKUAjP8EVxIg4GylsDDPbn\nr+j7\r\n=dJ9J\r\n-----END PGP SIGNATURE-----\r\n' },
36 silly install resolved     maintainers: [ [Object], [Object] ],
36 silly install resolved     _npmUser: { name: 'aredridel', email: 'aredridel@dinhe.net' },
36 silly install resolved     directories: {},
36 silly install resolved     _npmOperationalInternal:
36 silly install resolved      { host: 's3://npm-registry-packages',
36 silly install resolved        tmp: 'tmp/node_11.13.0_1554487371936_0.015969726729268885' },
36 silly install resolved     _hasShrinkwrap: false,
36 silly install resolved     _shasum: 'a5bfd5d55749b7e7795d9da2e04a9f319e29e2ab',
36 silly install resolved     _resolved: 'https://registry.npmjs.org/node/-/node-11.13.0.tgz',
36 silly install resolved     _from: 'node@*',
36 silly install resolved     readme: 'ERROR: No README data found!' } ]
37 info install node@11.13.0 into /Users/markhardy/Documents/CS337/vanilla
38 info installOne node@11.13.0
39 verbose installOne of node to /Users/markhardy/Documents/CS337/vanilla not in flight; installing
40 verbose lock using /Users/markhardy/.npm/_locks/node-1a0d02c98e8c68ec.lock for /Users/markhardy/Documents/CS337/vanilla/node_modules/node
41 warn engine node@11.13.0: wanted: {"npm":">=5.0.0"} (current: {"node":"4.2.3","npm":"2.14.7"})
42 silly install write writing node 11.13.0 to /Users/markhardy/Documents/CS337/vanilla/node_modules/node
43 verbose unbuild node_modules/node
44 silly gentlyRm /Users/markhardy/Documents/CS337/vanilla/node_modules/node is being purged from base /Users/markhardy/Documents/CS337/vanilla
45 verbose gentlyRm don't care about contents; nuking /Users/markhardy/Documents/CS337/vanilla/node_modules/node
46 verbose tar unpack /Users/markhardy/.npm/node/11.13.0/package.tgz
47 verbose tar unpacking to /Users/markhardy/Documents/CS337/vanilla/node_modules/node
48 silly gentlyRm /Users/markhardy/Documents/CS337/vanilla/node_modules/node is being purged
49 verbose gentlyRm don't care about contents; nuking /Users/markhardy/Documents/CS337/vanilla/node_modules/node
50 silly gunzTarPerm modes [ '755', '644' ]
51 silly gunzTarPerm extractEntry package.json
52 silly gunzTarPerm extractEntry installArchSpecificPackage.js
53 silly gunzTarPerm extractEntry README.md
54 verbose write writing to /Users/markhardy/Documents/CS337/vanilla/node_modules/node/package.json
55 info preinstall node@11.13.0
56 verbose unsafe-perm in lifecycle true
57 info node@11.13.0 Failed to exec preinstall script
58 verbose unlock done using /Users/markhardy/.npm/_locks/node-1a0d02c98e8c68ec.lock for /Users/markhardy/Documents/CS337/vanilla/node_modules/node
59 verbose stack Error: node@11.13.0 preinstall: `node installArchSpecificPackage`
59 verbose stack Exit status 1
59 verbose stack     at EventEmitter.<anonymous> (/usr/local/lib/node_modules/npm/lib/utils/lifecycle.js:214:16)
59 verbose stack     at emitTwo (events.js:87:13)
59 verbose stack     at EventEmitter.emit (events.js:172:7)
59 verbose stack     at ChildProcess.<anonymous> (/usr/local/lib/node_modules/npm/lib/utils/spawn.js:24:14)
59 verbose stack     at emitTwo (events.js:87:13)
59 verbose stack     at ChildProcess.emit (events.js:172:7)
59 verbose stack     at maybeClose (internal/child_process.js:818:16)
59 verbose stack     at Process.ChildProcess._handle.onexit (internal/child_process.js:211:5)
60 verbose pkgid node@11.13.0
61 verbose cwd /Users/markhardy/Documents/CS337/vanilla
62 error Darwin 18.0.0
63 error argv "/usr/local/bin/node" "/usr/local/bin/npm" "install" "node"
64 error node v4.2.3
65 error npm  v2.14.7
66 error code ELIFECYCLE
67 error node@11.13.0 preinstall: `node installArchSpecificPackage`
67 error Exit status 1
68 error Failed at the node@11.13.0 preinstall script 'node installArchSpecificPackage'.
68 error This is most likely a problem with the node package,
68 error not with npm itself.
68 error Tell the author that this fails on your system:
68 error     node installArchSpecificPackage
68 error You can get their info via:
68 error     npm owner ls node
68 error There is likely additional logging output above.
69 verbose exit [ 1, true ]
70 verbose unbuild node_modules/node
71 info preuninstall node@11.13.0
72 info uninstall node@11.13.0
73 verbose unbuild rmStuff node@11.13.0 from /Users/markhardy/Documents/CS337/vanilla/node_modules
74 silly gentlyRm /Users/markhardy/Documents/CS337/vanilla/node_modules/.bin/node is being gently removed
75 silly gentlyRm verifying /Users/markhardy/Documents/CS337/vanilla is an npm working directory
76 silly gentlyRm containing path /Users/markhardy/Documents/CS337/vanilla is under npm's control, in /Users/markhardy/Documents/CS337/vanilla
77 silly gentlyRm deletion target /Users/markhardy/Documents/CS337/vanilla/node_modules/.bin/node is under /Users/markhardy/Documents/CS337/vanilla
78 verbose gentlyRm vacuuming from /Users/markhardy/Documents/CS337/vanilla/node_modules/.bin/node up to /Users/markhardy/Documents/CS337/vanilla
79 info postuninstall node@11.13.0
80 silly gentlyRm /Users/markhardy/Documents/CS337/vanilla/node_modules/node is being purged from base /Users/markhardy/Documents/CS337/vanilla
81 verbose gentlyRm don't care about contents; nuking /Users/markhardy/Documents/CS337/vanilla/node_modules/node
82 silly vacuum-fs purging /Users/markhardy/Documents/CS337/vanilla/node_modules/node
83 silly vacuum-fs removing /Users/markhardy/Documents/CS337/vanilla/node_modules
84 silly vacuum-fs finished vacuuming up to /Users/markhardy/Documents/CS337/vanilla
